0 info it worked if it ends with ok
1 verbose cli [ '/usr/bin/nodejs', '/usr/local/bin/npm', 'start' ]
2 info using npm@3.8.6
3 info using node@v4.4.3
4 verbose run-script [ 'prestart', 'start', 'poststart' ]
5 info lifecycle jarvis-bot@0.1.6~prestart: jarvis-bot@0.1.6
6 silly lifecycle jarvis-bot@0.1.6~prestart: no script for prestart, continuing
7 info lifecycle jarvis-bot@0.1.6~start: jarvis-bot@0.1.6
8 verbose lifecycle jarvis-bot@0.1.6~start: unsafe-perm in lifecycle true
9 verbose lifecycle jarvis-bot@0.1.6~start: PATH: /usr/local/lib/node_modules/npm/bin/node-gyp-bin:/home/mikelovskij/aiva/aiva/node_modules/.bin:/usr/bin:/opt/glue/bin:/opt/glue/bin:/usr/local/bin:/usr/bin:/bin:/usr/local/games:/usr/games
10 verbose lifecycle jarvis-bot@0.1.6~start: CWD: /home/mikelovskij/aiva/aiva
11 silly lifecycle jarvis-bot@0.1.6~start: Args: [ '-c', 'node app.js' ]
12 silly lifecycle jarvis-bot@0.1.6~start: Returned: code: 1  signal: null
13 info lifecycle jarvis-bot@0.1.6~start: Failed to exec start script
14 verbose stack Error: jarvis-bot@0.1.6 start: `node app.js`
14 verbose stack Exit status 1
14 verbose stack     at EventEmitter.<anonymous> (/usr/local/lib/node_modules/npm/lib/utils/lifecycle.js:239:16)
14 verbose stack     at emitTwo (events.js:87:13)
14 verbose stack     at EventEmitter.emit (events.js:172:7)
14 verbose stack     at ChildProcess.<anonymous> (/usr/local/lib/node_modules/npm/lib/utils/spawn.js:24:14)
14 verbose stack     at emitTwo (events.js:87:13)
14 verbose stack     at ChildProcess.emit (events.js:172:7)
14 verbose stack     at maybeClose (internal/child_process.js:827:16)
14 verbose stack     at Process.ChildProcess._handle.onexit (internal/child_process.js:211:5)
15 verbose pkgid jarvis-bot@0.1.6
16 verbose cwd /home/mikelovskij/aiva/aiva/bin
17 error Linux 4.2.0-0.bpo.1-amd64
18 error argv "/usr/bin/nodejs" "/usr/local/bin/npm" "start"
19 error node v4.4.3
20 error npm  v3.8.6
21 error code ELIFECYCLE
22 error jarvis-bot@0.1.6 start: `node app.js`
22 error Exit status 1
23 error Failed at the jarvis-bot@0.1.6 start script 'node app.js'.
23 error Make sure you have the latest version of node.js and npm installed.
23 error If you do, this is most likely a problem with the jarvis-bot package,
23 error not with npm itself.
23 error Tell the author that this fails on your system:
23 error     node app.js
23 error You can get information on how to open an issue for this project with:
23 error     npm bugs jarvis-bot
23 error Or if that isn't available, you can get their info via:
23 error     npm owner ls jarvis-bot
23 error There is likely additional logging output above.
24 verbose exit [ 1, true ]
